<?xml version="1.0" encoding="UTF-8"?>
<!-- Generated by org.testng.reporters.JUnitXMLReporter -->
<testsuite hostname="Hiteshs-MacBook-Pro.local" ignored="0" name="Test Automation" tests="2" failures="1" timestamp="2022-07-17T16:46:59 IST" time="12.746" errors="0">
  <testcase name="sampleMethodForEmailEntering" time="0.078" classname="corePackage.SampleTest">
    <skipped/>
  </testcase> <!-- sampleMethodForEmailEntering -->
  <testcase name="sampleMethodForEmailEntering" time="0.035" classname="corePackage.SampleTest">
    <failure type="org.openqa.selenium.ElementNotInteractableException" message="
Build info: version: &amp;apos;3.8.1&amp;apos;, revision: &amp;apos;6e95a6684b&amp;apos;, time: &amp;apos;2017-12-01T18:33:54.468Z&amp;apos;
System info: host: &amp;apos;Hiteshs-MacBook-Pro.local&amp;apos;, ip: &amp;apos;fe80:0:0:0:43e:7dc0:c27a:4ee2%en0&amp;apos;, os.name: &amp;apos;Mac OS X&amp;apos;, os.arch: &amp;apos;x86_64&amp;apos;, os.version: &amp;apos;10.16&amp;apos;, java.version: &amp;apos;1.8.0_311&amp;apos;
Driver info: org.openqa.selenium.safari.SafariDriver
Capabilities {acceptInsecureCerts: false, browserName: Safari, browserVersion: 15.5, javascriptEnabled: true, platform: MAC, platformName: MAC, safari:automaticInspection: false, safari:automaticProfiling: false, safari:diagnose: false, safari:platformBuildVersion: 21F79, safari:platformVersion: 12.4, safari:useSimulator: false, setWindowRect: true, strictFileInteractability: false, webkit:WebRTC: {DisableICECandidateFiltering: false, DisableInsecureMediaCapture: false}}
Session ID: 78E64764-1A59-426B-9C54-3A9E5A808B8B">
      <![CDATA[org.openqa.selenium.ElementNotInteractableException: 
Build info: version: '3.8.1', revision: '6e95a6684b', time: '2017-12-01T18:33:54.468Z'
System info: host: 'Hiteshs-MacBook-Pro.local', ip: 'fe80:0:0:0:43e:7dc0:c27a:4ee2%en0', os.name: 'Mac OS X', os.arch: 'x86_64', os.version: '10.16', java.version: '1.8.0_311'
Driver info: org.openqa.selenium.safari.SafariDriver
Capabilities {acceptInsecureCerts: false, browserName: Safari, browserVersion: 15.5, javascriptEnabled: true, platform: MAC, platformName: MAC, safari:automaticInspection: false, safari:automaticProfiling: false, safari:diagnose: false, safari:platformBuildVersion: 21F79, safari:platformVersion: 12.4, safari:useSimulator: false, setWindowRect: true, strictFileInteractability: false, webkit:WebRTC: {DisableICECandidateFiltering: false, DisableInsecureMediaCapture: false}}
Session ID: 78E64764-1A59-426B-9C54-3A9E5A808B8B
at org.openqa.selenium.remote.http.W3CHttpResponseCodec.createException(W3CHttpResponseCodec.java:187)
at org.openqa.selenium.remote.http.W3CHttpResponseCodec.decode(W3CHttpResponseCodec.java:122)
at org.openqa.selenium.remote.http.W3CHttpResponseCodec.decode(W3CHttpResponseCodec.java:49)
at org.openqa.selenium.remote.HttpCommandExecutor.execute(HttpCommandExecutor.java:164)
at org.openqa.selenium.remote.service.DriverCommandExecutor.execute(DriverCommandExecutor.java:83)
at org.openqa.selenium.remote.RemoteWebDriver.execute(RemoteWebDriver.java:601)
at org.openqa.selenium.remote.RemoteWebElement.execute(RemoteWebElement.java:279)
at org.openqa.selenium.remote.RemoteWebElement.click(RemoteWebElement.java:83)
at pageEvents.HomePageEvents.clickOnSignInButton(HomePageEvents.java:13)
at corePackage.SampleTest.sampleMethodForEmailEntering(SampleTest.java:14)
at java.util.ArrayList.forEach(ArrayList.java:1259)
... Removed 31 stack frames]]>
    </failure>
  </testcase> <!-- sampleMethodForEmailEntering -->
</testsuite> <!-- Test Automation -->
