<?xml version="1.0" encoding="UTF-8"?>
<testng-results skipped="0" failed="1" ignored="0" retried="1" total="2" passed="0">
  <reporter-output>
  </reporter-output>
  <suite name="Sample Test Suite" duration-ms="12746" started-at="2022-07-17T16:46:46 IST" finished-at="2022-07-17T16:46:58 IST">
    <groups>
    </groups>
    <test name="Test Automation" duration-ms="12746" started-at="2022-07-17T16:46:46 IST" finished-at="2022-07-17T16:46:58 IST">
      <class name="corePackage.SampleTest">
        <test-method status="PASS" signature="beforeTestMethod()[pri:0, instance:corePackage.SampleTest@6b53e23f]" name="beforeTestMethod" is-config="true" duration-ms="106" started-at="2022-07-17T16:46:46 IST" finished-at="2022-07-17T16:46:46 IST">
          <reporter-output>
          </reporter-output>
        </test-method> <!-- beforeTestMethod -->
        <test-method status="PASS" signature="beforeMethodMethod(java.lang.String,java.lang.reflect.Method)[pri:0, instance:corePackage.SampleTest@6b53e23f]" name="beforeMethodMethod" is-config="true" duration-ms="5861" started-at="2022-07-17T16:46:46 IST" finished-at="2022-07-17T16:46:52 IST">
          <params>
            <param index="0">
              <value>
                <![CDATA[safari]]>
              </value>
            </param>
            <param index="1">
              <value>
                <![CDATA[public void corePackage.SampleTest.sampleMethodForEmailEntering()]]>
              </value>
            </param>
          </params>
          <reporter-output>
          </reporter-output>
        </test-method> <!-- beforeMethodMethod -->
        <test-method status="SKIP" signature="sampleMethodForEmailEntering()[pri:0, instance:corePackage.SampleTest@6b53e23f]" name="sampleMethodForEmailEntering" duration-ms="78" retried="true" started-at="2022-07-17T16:46:52 IST" finished-at="2022-07-17T16:46:52 IST">
          <exception class="org.openqa.selenium.ElementNotInteractableException">
            <message>
              <![CDATA[
Build info: version: '3.8.1', revision: '6e95a6684b', time: '2017-12-01T18:33:54.468Z'
System info: host: 'Hiteshs-MacBook-Pro.local', ip: 'fe80:0:0:0:43e:7dc0:c27a:4ee2%en0', os.name: 'Mac OS X', os.arch: 'x86_64', os.version: '10.16', java.version: '1.8.0_311'
Driver info: org.openqa.selenium.safari.SafariDriver
Capabilities {acceptInsecureCerts: false, browserName: Safari, browserVersion: 15.5, javascriptEnabled: true, platform: MAC, platformName: MAC, safari:automaticInspection: false, safari:automaticProfiling: false, safari:diagnose: false, safari:platformBuildVersion: 21F79, safari:platformVersion: 12.4, safari:useSimulator: false, setWindowRect: true, strictFileInteractability: false, webkit:WebRTC: {DisableICECandidateFiltering: false, DisableInsecureMediaCapture: false}}
Session ID: B483F4DD-2703-4164-95A1-731EBAC3F634]]>
            </message>
            <full-stacktrace>
              <![CDATA[org.openqa.selenium.ElementNotInteractableException: 
Build info: version: '3.8.1', revision: '6e95a6684b', time: '2017-12-01T18:33:54.468Z'
System info: host: 'Hiteshs-MacBook-Pro.local', ip: 'fe80:0:0:0:43e:7dc0:c27a:4ee2%en0', os.name: 'Mac OS X', os.arch: 'x86_64', os.version: '10.16', java.version: '1.8.0_311'
Driver info: org.openqa.selenium.safari.SafariDriver
Capabilities {acceptInsecureCerts: false, browserName: Safari, browserVersion: 15.5, javascriptEnabled: true, platform: MAC, platformName: MAC, safari:automaticInspection: false, safari:automaticProfiling: false, safari:diagnose: false, safari:platformBuildVersion: 21F79, safari:platformVersion: 12.4, safari:useSimulator: false, setWindowRect: true, strictFileInteractability: false, webkit:WebRTC: {DisableICECandidateFiltering: false, DisableInsecureMediaCapture: false}}
Session ID: B483F4DD-2703-4164-95A1-731EBAC3F634
at sun.reflect.NativeConstructorAccessorImpl.newInstance0(Native Method)
at sun.reflect.NativeConstructorAccessorImpl.newInstance(NativeConstructorAccessorImpl.java:62)
at sun.reflect.DelegatingConstructorAccessorImpl.newInstance(DelegatingConstructorAccessorImpl.java:45)
at java.lang.reflect.Constructor.newInstance(Constructor.java:423)
at org.openqa.selenium.remote.http.W3CHttpResponseCodec.createException(W3CHttpResponseCodec.java:187)
at org.openqa.selenium.remote.http.W3CHttpResponseCodec.decode(W3CHttpResponseCodec.java:122)
at org.openqa.selenium.remote.http.W3CHttpResponseCodec.decode(W3CHttpResponseCodec.java:49)
at org.openqa.selenium.remote.HttpCommandExecutor.execute(HttpCommandExecutor.java:164)
at org.openqa.selenium.remote.service.DriverCommandExecutor.execute(DriverCommandExecutor.java:83)
at org.openqa.selenium.remote.RemoteWebDriver.execute(RemoteWebDriver.java:601)
at org.openqa.selenium.remote.RemoteWebElement.execute(RemoteWebElement.java:279)
at org.openqa.selenium.remote.RemoteWebElement.click(RemoteWebElement.java:83)
at pageEvents.HomePageEvents.clickOnSignInButton(HomePageEvents.java:13)
at corePackage.SampleTest.sampleMethodForEmailEntering(SampleTest.java:14)
at sun.reflect.NativeMethodAccessorImpl.invoke0(Native Method)
at sun.reflect.NativeMethodAccessorImpl.invoke(NativeMethodAccessorImpl.java:62)
at sun.reflect.DelegatingMethodAccessorImpl.invoke(DelegatingMethodAccessorImpl.java:43)
at java.lang.reflect.Method.invoke(Method.java:498)
at org.testng.internal.MethodInvocationHelper.invokeMethod(MethodInvocationHelper.java:133)
at org.testng.internal.TestInvoker.invokeMethod(TestInvoker.java:598)
at org.testng.internal.TestInvoker.invokeTestMethod(TestInvoker.java:173)
at org.testng.internal.MethodRunner.runInSequence(MethodRunner.java:46)
at org.testng.internal.TestInvoker$MethodInvocationAgent.invoke(TestInvoker.java:824)
at org.testng.internal.TestInvoker.invokeTestMethods(TestInvoker.java:146)
at org.testng.internal.TestMethodWorker.invokeTestMethods(TestMethodWorker.java:146)
at org.testng.internal.TestMethodWorker.run(TestMethodWorker.java:128)
at java.util.ArrayList.forEach(ArrayList.java:1259)
at org.testng.TestRunner.privateRun(TestRunner.java:794)
at org.testng.TestRunner.run(TestRunner.java:596)
at org.testng.SuiteRunner.runTest(SuiteRunner.java:377)
at org.testng.SuiteRunner.runSequentially(SuiteRunner.java:371)
at org.testng.SuiteRunner.privateRun(SuiteRunner.java:332)
at org.testng.SuiteRunner.run(SuiteRunner.java:276)
at org.testng.SuiteRunnerWorker.runSuite(SuiteRunnerWorker.java:53)
at org.testng.SuiteRunnerWorker.run(SuiteRunnerWorker.java:96)
at org.testng.TestNG.runSuitesSequentially(TestNG.java:1212)
at org.testng.TestNG.runSuitesLocally(TestNG.java:1134)
at org.testng.TestNG.runSuites(TestNG.java:1063)
at org.testng.TestNG.run(TestNG.java:1031)
at org.testng.remote.AbstractRemoteTestNG.run(AbstractRemoteTestNG.java:115)
at org.testng.remote.RemoteTestNG.initAndRun(RemoteTestNG.java:251)
at org.testng.remote.RemoteTestNG.main(RemoteTestNG.java:77)
]]>
            </full-stacktrace>
          </exception> <!-- org.openqa.selenium.ElementNotInteractableException -->
          <reporter-output>
          </reporter-output>
        </test-method> <!-- sampleMethodForEmailEntering -->
        <test-method status="PASS" signature="aftertMethodMethod(org.testng.ITestResult)[pri:0, instance:corePackage.SampleTest@6b53e23f]" name="aftertMethodMethod" is-config="true" duration-ms="343" started-at="2022-07-17T16:46:52 IST" finished-at="2022-07-17T16:46:52 IST">
          <params>
            <param index="0">
              <value>
                <![CDATA[[TestResult name=sampleMethodForEmailEntering status=SKIP method=SampleTest.sampleMethodForEmailEntering()[pri:0, instance:corePackage.SampleTest@6b53e23f] output={null}]]]>
              </value>
            </param>
          </params>
          <reporter-output>
          </reporter-output>
        </test-method> <!-- aftertMethodMethod -->
        <test-method status="PASS" signature="beforeMethodMethod(java.lang.String,java.lang.reflect.Method)[pri:0, instance:corePackage.SampleTest@6b53e23f]" name="beforeMethodMethod" is-config="true" duration-ms="4600" started-at="2022-07-17T16:46:52 IST" finished-at="2022-07-17T16:46:57 IST">
          <params>
            <param index="0">
              <value>
                <![CDATA[safari]]>
              </value>
            </param>
            <param index="1">
              <value>
                <![CDATA[public void corePackage.SampleTest.sampleMethodForEmailEntering()]]>
              </value>
            </param>
          </params>
          <reporter-output>
          </reporter-output>
        </test-method> <!-- beforeMethodMethod -->
        <test-method status="FAIL" signature="sampleMethodForEmailEntering()[pri:0, instance:corePackage.SampleTest@6b53e23f]" name="sampleMethodForEmailEntering" duration-ms="35" started-at="2022-07-17T16:46:57 IST" finished-at="2022-07-17T16:46:57 IST">
          <exception class="org.openqa.selenium.ElementNotInteractableException">
            <message>
              <![CDATA[
Build info: version: '3.8.1', revision: '6e95a6684b', time: '2017-12-01T18:33:54.468Z'
System info: host: 'Hiteshs-MacBook-Pro.local', ip: 'fe80:0:0:0:43e:7dc0:c27a:4ee2%en0', os.name: 'Mac OS X', os.arch: 'x86_64', os.version: '10.16', java.version: '1.8.0_311'
Driver info: org.openqa.selenium.safari.SafariDriver
Capabilities {acceptInsecureCerts: false, browserName: Safari, browserVersion: 15.5, javascriptEnabled: true, platform: MAC, platformName: MAC, safari:automaticInspection: false, safari:automaticProfiling: false, safari:diagnose: false, safari:platformBuildVersion: 21F79, safari:platformVersion: 12.4, safari:useSimulator: false, setWindowRect: true, strictFileInteractability: false, webkit:WebRTC: {DisableICECandidateFiltering: false, DisableInsecureMediaCapture: false}}
Session ID: 78E64764-1A59-426B-9C54-3A9E5A808B8B]]>
            </message>
            <full-stacktrace>
              <![CDATA[org.openqa.selenium.ElementNotInteractableException: 
Build info: version: '3.8.1', revision: '6e95a6684b', time: '2017-12-01T18:33:54.468Z'
System info: host: 'Hiteshs-MacBook-Pro.local', ip: 'fe80:0:0:0:43e:7dc0:c27a:4ee2%en0', os.name: 'Mac OS X', os.arch: 'x86_64', os.version: '10.16', java.version: '1.8.0_311'
Driver info: org.openqa.selenium.safari.SafariDriver
Capabilities {acceptInsecureCerts: false, browserName: Safari, browserVersion: 15.5, javascriptEnabled: true, platform: MAC, platformName: MAC, safari:automaticInspection: false, safari:automaticProfiling: false, safari:diagnose: false, safari:platformBuildVersion: 21F79, safari:platformVersion: 12.4, safari:useSimulator: false, setWindowRect: true, strictFileInteractability: false, webkit:WebRTC: {DisableICECandidateFiltering: false, DisableInsecureMediaCapture: false}}
Session ID: 78E64764-1A59-426B-9C54-3A9E5A808B8B
at sun.reflect.NativeConstructorAccessorImpl.newInstance0(Native Method)
at sun.reflect.NativeConstructorAccessorImpl.newInstance(NativeConstructorAccessorImpl.java:62)
at sun.reflect.DelegatingConstructorAccessorImpl.newInstance(DelegatingConstructorAccessorImpl.java:45)
at java.lang.reflect.Constructor.newInstance(Constructor.java:423)
at org.openqa.selenium.remote.http.W3CHttpResponseCodec.createException(W3CHttpResponseCodec.java:187)
at org.openqa.selenium.remote.http.W3CHttpResponseCodec.decode(W3CHttpResponseCodec.java:122)
at org.openqa.selenium.remote.http.W3CHttpResponseCodec.decode(W3CHttpResponseCodec.java:49)
at org.openqa.selenium.remote.HttpCommandExecutor.execute(HttpCommandExecutor.java:164)
at org.openqa.selenium.remote.service.DriverCommandExecutor.execute(DriverCommandExecutor.java:83)
at org.openqa.selenium.remote.RemoteWebDriver.execute(RemoteWebDriver.java:601)
at org.openqa.selenium.remote.RemoteWebElement.execute(RemoteWebElement.java:279)
at org.openqa.selenium.remote.RemoteWebElement.click(RemoteWebElement.java:83)
at pageEvents.HomePageEvents.clickOnSignInButton(HomePageEvents.java:13)
at corePackage.SampleTest.sampleMethodForEmailEntering(SampleTest.java:14)
at sun.reflect.NativeMethodAccessorImpl.invoke0(Native Method)
at sun.reflect.NativeMethodAccessorImpl.invoke(NativeMethodAccessorImpl.java:62)
at sun.reflect.DelegatingMethodAccessorImpl.invoke(DelegatingMethodAccessorImpl.java:43)
at java.lang.reflect.Method.invoke(Method.java:498)
at org.testng.internal.MethodInvocationHelper.invokeMethod(MethodInvocationHelper.java:133)
at org.testng.internal.TestInvoker.invokeMethod(TestInvoker.java:598)
at org.testng.internal.TestInvoker.retryFailed(TestInvoker.java:213)
at org.testng.internal.MethodRunner.runInSequence(MethodRunner.java:58)
at org.testng.internal.TestInvoker$MethodInvocationAgent.invoke(TestInvoker.java:824)
at org.testng.internal.TestInvoker.invokeTestMethods(TestInvoker.java:146)
at org.testng.internal.TestMethodWorker.invokeTestMethods(TestMethodWorker.java:146)
at org.testng.internal.TestMethodWorker.run(TestMethodWorker.java:128)
at java.util.ArrayList.forEach(ArrayList.java:1259)
at org.testng.TestRunner.privateRun(TestRunner.java:794)
at org.testng.TestRunner.run(TestRunner.java:596)
at org.testng.SuiteRunner.runTest(SuiteRunner.java:377)
at org.testng.SuiteRunner.runSequentially(SuiteRunner.java:371)
at org.testng.SuiteRunner.privateRun(SuiteRunner.java:332)
at org.testng.SuiteRunner.run(SuiteRunner.java:276)
at org.testng.SuiteRunnerWorker.runSuite(SuiteRunnerWorker.java:53)
at org.testng.SuiteRunnerWorker.run(SuiteRunnerWorker.java:96)
at org.testng.TestNG.runSuitesSequentially(TestNG.java:1212)
at org.testng.TestNG.runSuitesLocally(TestNG.java:1134)
at org.testng.TestNG.runSuites(TestNG.java:1063)
at org.testng.TestNG.run(TestNG.java:1031)
at org.testng.remote.AbstractRemoteTestNG.run(AbstractRemoteTestNG.java:115)
at org.testng.remote.RemoteTestNG.initAndRun(RemoteTestNG.java:251)
at org.testng.remote.RemoteTestNG.main(RemoteTestNG.java:77)
]]>
            </full-stacktrace>
          </exception> <!-- org.openqa.selenium.ElementNotInteractableException -->
          <reporter-output>
          </reporter-output>
        </test-method> <!-- sampleMethodForEmailEntering -->
        <test-method status="PASS" signature="aftertMethodMethod(org.testng.ITestResult)[pri:0, instance:corePackage.SampleTest@6b53e23f]" name="aftertMethodMethod" is-config="true" duration-ms="331" started-at="2022-07-17T16:46:58 IST" finished-at="2022-07-17T16:46:58 IST">
          <params>
            <param index="0">
              <value>
                <![CDATA[[TestResult name=sampleMethodForEmailEntering status=FAILURE method=SampleTest.sampleMethodForEmailEntering()[pri:0, instance:corePackage.SampleTest@6b53e23f] output={null}]]]>
              </value>
            </param>
          </params>
          <reporter-output>
          </reporter-output>
        </test-method> <!-- aftertMethodMethod -->
        <test-method status="PASS" signature="afterTestMethod()[pri:0, instance:corePackage.SampleTest@6b53e23f]" name="afterTestMethod" is-config="true" duration-ms="426" started-at="2022-07-17T16:46:58 IST" finished-at="2022-07-17T16:46:58 IST">
          <reporter-output>
          </reporter-output>
        </test-method> <!-- afterTestMethod -->
      </class> <!-- corePackage.SampleTest -->
    </test> <!-- Test Automation -->
  </suite> <!-- Sample Test Suite -->
</testng-results>
